<?xml version="1.0" encoding="UTF-8"?>
<!-- Generated by org.testng.reporters.JUnitXMLReporter -->
<testsuite ignored="0" hostname="Ameet" failures="1" tests="18" name="Test" time="92.806" errors="0" timestamp="2024-11-11T16:23:55 IST">
  <testcase classname="testcases.RestAssured_TestCases_PL1" name="createAppointmentTest" time="12.637">
    <failure type="java.lang.AssertionError" message="Status should be OK. expected [OK] but found [Failed]">
      <![CDATA[java.lang.AssertionError: Status should be OK. expected [OK] but found [Failed]
at testcases.RestAssured_TestCases_PL1.createAppointmentTest(RestAssured_TestCases_PL1.java:55)
at java.base/java.util.concurrent.ThreadPoolExecutor.runWorker(ThreadPoolExecutor.java:1136)
at java.base/java.util.concurrent.ThreadPoolExecutor$Worker.run(ThreadPoolExecutor.java:635)
at java.base/java.lang.Thread.run(Thread.java:833)
... Removed 17 stack frames]]>
    </failure>
  </testcase> <!-- createAppointmentTest -->
  <testcase classname="testcases.RestAssured_TestCases_PL1" name="getAllApplicableDoctors" time="0.831"/>
  <testcase classname="testcases.RestAssured_TestCases_PL1" name="clashAppointmentTest" time="0.968"/>
  <testcase classname="testcases.RestAssured_TestCases_PL1" name="searchPatientTest" time="1.111"/>
  <testcase classname="testcases.RestAssured_TestCases_PL1" name="BookingListTest" time="1.4"/>
  <testcase classname="testcases.RestAssured_TestCases_PL1" name="AllStockDetailsTest" time="7.942"/>
  <testcase classname="testcases.RestAssured_TestCases_PL1" name="MainStoreTest" time="0.915"/>
  <testcase classname="testcases.RestAssured_TestCases_PL1" name="PharmacyStoreTest" time="0.694"/>
  <testcase classname="testcases.RestAssured_TestCases_PL1" name="PatientConsumptionTest" time="0.589"/>
  <testcase classname="testcases.RestAssured_TestCases_PL1" name="ActivatePharmCountTest" time="0.843"/>
  <testcase classname="testcases.RestAssured_TestCases_PL1" name="DeactivatePharmCountTest" time="0.676"/>
  <testcase classname="testcases.RestAssured_TestCases_PL1" name="AppointApplicDeptTest" time="1.073"/>
  <testcase classname="testcases.RestAssured_TestCases_PL1" name="AdmittedPatientsData" time="0.667"/>
  <testcase classname="testcases.RestAssured_TestCases_PL1" name="addcurrencyTest" time="1.086"/>
  <testcase classname="testcases.RestAssured_TestCases_PL1" name="findMatchingPatientTest" time="1.261"/>
  <testcase classname="testcases.RestAssured_TestCases_PL1" name="getAllRegisteredPatientsTest" time="1.085"/>
  <testcase classname="testcases.RestAssured_TestCases_PL1" name="getAllBillingCounters" time="0.636"/>
  <testcase classname="testcases.RestAssured_TestCases_PL1" name="cancelAppointmentTest" time="0.0">
    <skipped/>
  </testcase> <!-- cancelAppointmentTest -->
</testsuite> <!-- Test -->
